app/build/outputs/logs/manifest-merger-debug-report.txt
-- Merging decision tree log ---
manifest
ADDED from src\main\AndroidManifest.xml:2:1-41:12
	package
		ADDED from src\main\AndroidManifest.xml:3:5-46
		INJECTED from src\main\AndroidManifest.xml
		INJECTED from src\main\AndroidManifest.xml
	android:versionName
		INJECTED from src\main\AndroidManifest.xml
		INJECTED from src\main\AndroidManifest.xml
	xmlns:android
		ADDED from src\main\AndroidManifest.xml:2:11-69
	android:versionCode
		INJECTED from src\main\AndroidManifest.xml
		INJECTED from src\main\AndroidManifest.xml
uses-permission#android.permission.WRITE_EXTERNAL_STORAGE
ADDED from src\main\AndroidManifest.xml:5:5-80
	android:name
		ADDED from src\main\AndroidManifest.xml:5:22-78
uses-permission#jp.co.ricoh.isdk.sdkservice.common.SdkService.APP_CMD_PERMISSION
ADDED from src\main\AndroidManifest.xml:7:5-104
MERGED from [SuperSizeScan:cheetahMiniUtil:unspecified] AndroidManifest.xml:12:5-104
	android:name
		ADDED from src\main\AndroidManifest.xml:7:22-101
uses-permission#jp.co.ricoh.isdk.sdkservice.common.SdkService.APP_EVENT_PERMISSION
ADDED from src\main\AndroidManifest.xml:8:5-106
MERGED from [SuperSizeScan:cheetahMiniUtil:unspecified] AndroidManifest.xml:13:5-106
	android:name
		ADDED from src\main\AndroidManifest.xml:8:22-103
application
ADDED from src\main\AndroidManifest.xml:11:5-39:19
MERGED from [SuperSizeScan:cheetahMiniUtil:unspecified] AndroidManifest.xml:17:5-18:19
MERGED from [it.sephiroth.android.library.horizontallistview:hlistview:1.2.2] AndroidManifest.xml:4:2-16
	android:label
		ADDED from src\main\AndroidManifest.xml:14:9-41
	android:allowBackup
		ADDED from src\main\AndroidManifest.xml:12:9-35
	android:icon
		ADDED from src\main\AndroidManifest.xml:13:9-51
	android:theme
		ADDED from src\main\AndroidManifest.xml:16:9-39
	android:name
		ADDED from src\main\AndroidManifest.xml:15:9-74
meta-data#productId
ADDED from src\main\AndroidManifest.xml:17:9-19:42
	android:value
		ADDED from src\main\AndroidManifest.xml:19:13-39
	android:name
		ADDED from src\main\AndroidManifest.xml:18:13-37
meta-data#jp.co.ricoh.advop.metadata.RequiredFunction
ADDED from src\main\AndroidManifest.xml:21:9-23:47
	android:value
		ADDED from src\main\AndroidManifest.xml:23:13-44
	android:name
		ADDED from src\main\AndroidManifest.xml:22:13-71
activity#jp.co.ricoh.advop.supersizescan.MainActivity
ADDED from src\main\AndroidManifest.xml:26:9-38:20
	android:screenOrientation
		ADDED from src\main\AndroidManifest.xml:31:13-50
	android:label
		ADDED from src\main\AndroidManifest.xml:28:13-45
	android:launchMode
		ADDED from src\main\AndroidManifest.xml:30:13-43
	android:windowSoftInputMode
		ADDED from src\main\AndroidManifest.xml:29:13-52
	android:theme
		ADDED from src\main\AndroidManifest.xml:32:13-43
	android:name
		ADDED from src\main\AndroidManifest.xml:27:13-72
intent-filter#android.intent.action.MAIN+android.intent.category.LAUNCHER
ADDED from src\main\AndroidManifest.xml:33:13-37:29
action#android.intent.action.MAIN
ADDED from src\main\AndroidManifest.xml:34:17-69
	android:name
		ADDED from src\main\AndroidManifest.xml:34:25-66
category#android.intent.category.LAUNCHER
ADDED from src\main\AndroidManifest.xml:36:17-77
	android:name
		ADDED from src\main\AndroidManifest.xml:36:27-74
uses-sdk
INJECTED from src\main\AndroidManifest.xml reason: use-sdk injection requested
MERGED from [SuperSizeScan:cheetahMiniUtil:unspecified] AndroidManifest.xml:7:5-9:41
MERGED from [it.sephiroth.android.library.horizontallistview:hlistview:1.2.2] AndroidManifest.xml:2:5-72
	android:targetSdkVersion
		INJECTED from src\main\AndroidManifest.xml
		INJECTED from src\main\AndroidManifest.xml
	android:minSdkVersion
		INJECTED from src\main\AndroidManifest.xml
		INJECTED from src\main\AndroidManifest.xml
uses-permission#android.permission.INTERNET
ADDED from [SuperSizeScan:cheetahMiniUtil:unspecified] AndroidManifest.xml:11:5-67
	android:name
		ADDED from [SuperSizeScan:cheetahMiniUtil:unspecified] AndroidManifest.xml:11:22-64
uses-permission#jp.co.ricoh.isdk.sdkservice.common.SdkService.RICOH_APP_CMD_PERMISSION
ADDED from [SuperSizeScan:cheetahMiniUtil:unspecified] AndroidManifest.xml:14:5-110
	android:name
		ADDED from [SuperSizeScan:cheetahMiniUtil:unspecified] AndroidManifest.xml:14:22-107
uses-permission#jp.co.ricoh.isdk.sdkservice.common.SdkService.RICOH_APP_EVENT_PERMISSION
ADDED from [SuperSizeScan:cheetahMiniUtil:unspecified] AndroidManifest.xml:15:5-112
	android:name
		ADDED from [SuperSizeScan:cheetahMiniUtil:unspecified] AndroidManifest.xml:15:22-109